c:\345\valeris\valeris\x64\release\vc143.pdb
c:\345\valeris\valeris\x64\release\valeris.obj
c:\345\valeris\valeris\x64\release\weapon.obj
c:\345\valeris\valeris\x64\release\valerisgame.obj
c:\345\valeris\valeris\x64\release\toolkit.obj
c:\345\valeris\valeris\x64\release\room.obj
c:\345\valeris\valeris\x64\release\player.obj
c:\345\valeris\valeris\x64\release\minigames.obj
c:\345\valeris\valeris\x64\release\menu.obj
c:\345\valeris\valeris\x64\release\enemies.obj
c:\345\valeris\valeris\x64\release\dungeon.obj
c:\345\valeris\valeris\x64\release\combat.obj
c:\345\valeris\x64\release\valeris.exe
c:\345\valeris\x64\release\valeris.pdb
c:\345\valeris\valeris\x64\release\valeris.ipdb
c:\345\valeris\valeris\x64\release\valeris.iobj
c:\345\valeris\valeris\x64\release\valeris.tlog\cl.command.1.tlog
c:\345\valeris\valeris\x64\release\valeris.tlog\cl.items.tlog
c:\345\valeris\valeris\x64\release\valeris.tlog\cl.read.1.tlog
c:\345\valeris\valeris\x64\release\valeris.tlog\cl.write.1.tlog
c:\345\valeris\valeris\x64\release\valeris.tlog\link.command.1.tlog
c:\345\valeris\valeris\x64\release\valeris.tlog\link.read.1.tlog
c:\345\valeris\valeris\x64\release\valeris.tlog\link.secondary.1.tlog
c:\345\valeris\valeris\x64\release\valeris.tlog\link.write.1.tlog
